NOTE: Picked up JDK_JAVA_OPTIONS:  --add-opens=java.base/java.lang=ALL-UNNAMED --add-opens=java.base/java.io=ALL-UNNAMED --add-opens=java.rmi/sun.rmi.transport=ALL-UNNAMED
18-Jul-2018 16:33:14.035 INFO [main] org.apache.catalina.startup.VersionLoggerListener.log Server version:        Apache Tomcat/9.0.10
18-Jul-2018 16:33:14.074 INFO [main] org.apache.catalina.startup.VersionLoggerListener.log Server built:          Jun 20 2018 17:32:21 UTC
18-Jul-2018 16:33:14.092 INFO [main] org.apache.catalina.startup.VersionLoggerListener.log Server number:         9.0.10.0
18-Jul-2018 16:33:14.092 INFO [main] org.apache.catalina.startup.VersionLoggerListener.log OS Name:               Linux
18-Jul-2018 16:33:14.093 INFO [main] org.apache.catalina.startup.VersionLoggerListener.log OS Version:            4.15.0-23-generic
18-Jul-2018 16:33:14.094 INFO [main] org.apache.catalina.startup.VersionLoggerListener.log Architecture:          amd64
18-Jul-2018 16:33:14.097 INFO [main] org.apache.catalina.startup.VersionLoggerListener.log Java Home:             /usr/lib/jvm/java-11-openjdk-amd64
18-Jul-2018 16:33:14.098 INFO [main] org.apache.catalina.startup.VersionLoggerListener.log JVM Version:           10.0.1+10-Ubuntu-3ubuntu1
18-Jul-2018 16:33:14.099 INFO [main] org.apache.catalina.startup.VersionLoggerListener.log JVM Vendor:            Oracle Corporation
18-Jul-2018 16:33:14.130 INFO [main] org.apache.catalina.startup.VersionLoggerListener.log CATALINA_BASE:         /home/declan/Documents/School/12th Grade/APCS/Summer Work/04_BankAccount/apache-tomcat-9.0.10
18-Jul-2018 16:33:14.131 INFO [main] org.apache.catalina.startup.VersionLoggerListener.log CATALINA_HOME:         /home/declan/Documents/School/12th Grade/APCS/Summer Work/04_BankAccount/apache-tomcat-9.0.10
18-Jul-2018 16:33:14.152 INFO [main] org.apache.catalina.startup.VersionLoggerListener.log Command line argument: --add-opens=java.base/java.lang=ALL-UNNAMED
18-Jul-2018 16:33:14.171 INFO [main] org.apache.catalina.startup.VersionLoggerListener.log Command line argument: --add-opens=java.base/java.io=ALL-UNNAMED
18-Jul-2018 16:33:14.172 INFO [main] org.apache.catalina.startup.VersionLoggerListener.log Command line argument: --add-opens=java.rmi/sun.rmi.transport=ALL-UNNAMED
18-Jul-2018 16:33:14.173 INFO [main] org.apache.catalina.startup.VersionLoggerListener.log Command line argument: -Djava.util.logging.config.file=/home/declan/Documents/School/12th Grade/APCS/Summer Work/04_BankAccount/apache-tomcat-9.0.10/conf/logging.properties
18-Jul-2018 16:33:14.174 INFO [main] org.apache.catalina.startup.VersionLoggerListener.log Command line argument: -Djava.util.logging.manager=org.apache.juli.ClassLoaderLogManager
18-Jul-2018 16:33:14.182 INFO [main] org.apache.catalina.startup.VersionLoggerListener.log Command line argument: -Djdk.tls.ephemeralDHKeySize=2048
18-Jul-2018 16:33:14.183 INFO [main] org.apache.catalina.startup.VersionLoggerListener.log Command line argument: -Djava.protocol.handler.pkgs=org.apache.catalina.webresources
18-Jul-2018 16:33:14.190 INFO [main] org.apache.catalina.startup.VersionLoggerListener.log Command line argument: -Dorg.apache.catalina.security.SecurityListener.UMASK=0027
18-Jul-2018 16:33:14.198 INFO [main] org.apache.catalina.startup.VersionLoggerListener.log Command line argument: -Dignore.endorsed.dirs=
18-Jul-2018 16:33:14.199 INFO [main] org.apache.catalina.startup.VersionLoggerListener.log Command line argument: -Dcatalina.base=/home/declan/Documents/School/12th Grade/APCS/Summer Work/04_BankAccount/apache-tomcat-9.0.10
18-Jul-2018 16:33:14.208 INFO [main] org.apache.catalina.startup.VersionLoggerListener.log Command line argument: -Dcatalina.home=/home/declan/Documents/School/12th Grade/APCS/Summer Work/04_BankAccount/apache-tomcat-9.0.10
18-Jul-2018 16:33:14.209 INFO [main] org.apache.catalina.startup.VersionLoggerListener.log Command line argument: -Djava.io.tmpdir=/home/declan/Documents/School/12th Grade/APCS/Summer Work/04_BankAccount/apache-tomcat-9.0.10/temp
18-Jul-2018 16:33:14.210 INFO [main] org.apache.catalina.core.AprLifecycleListener.lifecycleEvent The APR based Apache Tomcat Native library which allows optimal performance in production environments was not found on the java.library.path: [/usr/java/packages/lib:/usr/lib/x86_64-linux-gnu/jni:/lib/x86_64-linux-gnu:/usr/lib/x86_64-linux-gnu:/usr/lib/jni:/lib:/usr/lib]
18-Jul-2018 16:33:14.826 INFO [main] org.apache.coyote.AbstractProtocol.init Initializing ProtocolHandler ["http-nio-8080"]
18-Jul-2018 16:33:15.159 INFO [main] org.apache.tomcat.util.net.NioSelectorPool.getSharedSelector Using a shared selector for servlet write/read
18-Jul-2018 16:33:15.290 INFO [main] org.apache.coyote.AbstractProtocol.init Initializing ProtocolHandler ["ajp-nio-8009"]
18-Jul-2018 16:33:15.320 INFO [main] org.apache.tomcat.util.net.NioSelectorPool.getSharedSelector Using a shared selector for servlet write/read
18-Jul-2018 16:33:15.326 INFO [main] org.apache.catalina.startup.Catalina.load Initialization processed in 8264 ms
18-Jul-2018 16:33:16.260 INFO [main] org.apache.catalina.core.StandardService.startInternal Starting service [Catalina]
18-Jul-2018 16:33:16.272 INFO [main] org.apache.catalina.core.StandardEngine.startInternal Starting Servlet Engine: Apache Tomcat/9.0.10
18-Jul-2018 16:33:16.395 INFO [main] org.apache.catalina.startup.HostConfig.deployDirectory Deploying web application directory [/home/declan/Documents/School/12th Grade/APCS/Summer Work/04_BankAccount/apache-tomcat-9.0.10/webapps/host-manager]
18-Jul-2018 16:33:21.255 WARNING [main] org.apache.catalina.util.SessionIdGeneratorBase.createSecureRandom Creation of SecureRandom instance for session ID generation using [SHA1PRNG] took [415] milliseconds.
18-Jul-2018 16:33:21.516 INFO [main] org.apache.catalina.startup.HostConfig.deployDirectory Deployment of web application directory [/home/declan/Documents/School/12th Grade/APCS/Summer Work/04_BankAccount/apache-tomcat-9.0.10/webapps/host-manager] has finished in [5,126] ms
18-Jul-2018 16:33:21.524 INFO [main] org.apache.catalina.startup.HostConfig.deployDirectory Deploying web application directory [/home/declan/Documents/School/12th Grade/APCS/Summer Work/04_BankAccount/apache-tomcat-9.0.10/webapps/ROOT]
18-Jul-2018 16:33:21.869 INFO [main] org.apache.catalina.startup.HostConfig.deployDirectory Deployment of web application directory [/home/declan/Documents/School/12th Grade/APCS/Summer Work/04_BankAccount/apache-tomcat-9.0.10/webapps/ROOT] has finished in [344] ms
18-Jul-2018 16:33:21.875 INFO [main] org.apache.catalina.startup.HostConfig.deployDirectory Deploying web application directory [/home/declan/Documents/School/12th Grade/APCS/Summer Work/04_BankAccount/apache-tomcat-9.0.10/webapps/docs]
18-Jul-2018 16:33:22.166 INFO [main] org.apache.catalina.startup.HostConfig.deployDirectory Deployment of web application directory [/home/declan/Documents/School/12th Grade/APCS/Summer Work/04_BankAccount/apache-tomcat-9.0.10/webapps/docs] has finished in [295] ms
18-Jul-2018 16:33:22.176 INFO [main] org.apache.catalina.startup.HostConfig.deployDirectory Deploying web application directory [/home/declan/Documents/School/12th Grade/APCS/Summer Work/04_BankAccount/apache-tomcat-9.0.10/webapps/manager]
18-Jul-2018 16:33:22.564 INFO [main] org.apache.catalina.startup.HostConfig.deployDirectory Deployment of web application directory [/home/declan/Documents/School/12th Grade/APCS/Summer Work/04_BankAccount/apache-tomcat-9.0.10/webapps/manager] has finished in [388] ms
18-Jul-2018 16:33:22.566 INFO [main] org.apache.catalina.startup.HostConfig.deployDirectory Deploying web application directory [/home/declan/Documents/School/12th Grade/APCS/Summer Work/04_BankAccount/apache-tomcat-9.0.10/webapps/examples]
18-Jul-2018 16:33:26.030 INFO [main] org.apache.catalina.startup.HostConfig.deployDirectory Deployment of web application directory [/home/declan/Documents/School/12th Grade/APCS/Summer Work/04_BankAccount/apache-tomcat-9.0.10/webapps/examples] has finished in [3,464] ms
18-Jul-2018 16:33:26.079 INFO [main] org.apache.coyote.AbstractProtocol.start Starting ProtocolHandler ["http-nio-8080"]
18-Jul-2018 16:33:26.207 INFO [main] org.apache.coyote.AbstractProtocol.start Starting ProtocolHandler ["ajp-nio-8009"]
18-Jul-2018 16:33:26.292 INFO [main] org.apache.catalina.startup.Catalina.start Server startup in 10962 ms
18-Jul-2018 16:34:01.399 INFO [main] org.apache.catalina.core.StandardServer.await A valid shutdown command was received via the shutdown port. Stopping the Server instance.
18-Jul-2018 16:34:01.400 INFO [main] org.apache.coyote.AbstractProtocol.pause Pausing ProtocolHandler ["http-nio-8080"]
18-Jul-2018 16:34:01.423 INFO [main] org.apache.coyote.AbstractProtocol.pause Pausing ProtocolHandler ["ajp-nio-8009"]
18-Jul-2018 16:34:01.427 INFO [main] org.apache.catalina.core.StandardService.stopInternal Stopping service [Catalina]
18-Jul-2018 16:34:01.709 INFO [main] org.apache.coyote.AbstractProtocol.stop Stopping ProtocolHandler ["http-nio-8080"]
18-Jul-2018 16:34:01.726 INFO [main] org.apache.coyote.AbstractProtocol.stop Stopping ProtocolHandler ["ajp-nio-8009"]
18-Jul-2018 16:34:01.751 INFO [main] org.apache.coyote.AbstractProtocol.destroy Destroying ProtocolHandler ["http-nio-8080"]
18-Jul-2018 16:34:01.755 INFO [main] org.apache.coyote.AbstractProtocol.destroy Destroying ProtocolHandler ["ajp-nio-8009"]
NOTE: Picked up JDK_JAVA_OPTIONS:  --add-opens=java.base/java.lang=ALL-UNNAMED --add-opens=java.base/java.io=ALL-UNNAMED --add-opens=java.rmi/sun.rmi.transport=ALL-UNNAMED
18-Jul-2018 21:12:31.425 INFO [main] org.apache.catalina.startup.VersionLoggerListener.log Server version:        Apache Tomcat/9.0.10
18-Jul-2018 21:12:31.457 INFO [main] org.apache.catalina.startup.VersionLoggerListener.log Server built:          Jun 20 2018 17:32:21 UTC
18-Jul-2018 21:12:31.458 INFO [main] org.apache.catalina.startup.VersionLoggerListener.log Server number:         9.0.10.0
18-Jul-2018 21:12:31.459 INFO [main] org.apache.catalina.startup.VersionLoggerListener.log OS Name:               Linux
18-Jul-2018 21:12:31.459 INFO [main] org.apache.catalina.startup.VersionLoggerListener.log OS Version:            4.15.0-23-generic
18-Jul-2018 21:12:31.460 INFO [main] org.apache.catalina.startup.VersionLoggerListener.log Architecture:          amd64
18-Jul-2018 21:12:31.461 INFO [main] org.apache.catalina.startup.VersionLoggerListener.log Java Home:             /usr/lib/jvm/java-11-openjdk-amd64
18-Jul-2018 21:12:31.463 INFO [main] org.apache.catalina.startup.VersionLoggerListener.log JVM Version:           10.0.1+10-Ubuntu-3ubuntu1
18-Jul-2018 21:12:31.465 INFO [main] org.apache.catalina.startup.VersionLoggerListener.log JVM Vendor:            Oracle Corporation
18-Jul-2018 21:12:31.466 INFO [main] org.apache.catalina.startup.VersionLoggerListener.log CATALINA_BASE:         /home/declan/Documents/School/12th Grade/APCS/Summer Work/04_BankAccount/Banclan/apache-tomcat-9.0.10
18-Jul-2018 21:12:31.466 INFO [main] org.apache.catalina.startup.VersionLoggerListener.log CATALINA_HOME:         /home/declan/Documents/School/12th Grade/APCS/Summer Work/04_BankAccount/Banclan/apache-tomcat-9.0.10
18-Jul-2018 21:12:31.488 INFO [main] org.apache.catalina.startup.VersionLoggerListener.log Command line argument: --add-opens=java.base/java.lang=ALL-UNNAMED
18-Jul-2018 21:12:31.489 INFO [main] org.apache.catalina.startup.VersionLoggerListener.log Command line argument: --add-opens=java.base/java.io=ALL-UNNAMED
18-Jul-2018 21:12:31.489 INFO [main] org.apache.catalina.startup.VersionLoggerListener.log Command line argument: --add-opens=java.rmi/sun.rmi.transport=ALL-UNNAMED
18-Jul-2018 21:12:31.490 INFO [main] org.apache.catalina.startup.VersionLoggerListener.log Command line argument: -Djava.util.logging.config.file=/home/declan/Documents/School/12th Grade/APCS/Summer Work/04_BankAccount/Banclan/apache-tomcat-9.0.10/conf/logging.properties
18-Jul-2018 21:12:31.491 INFO [main] org.apache.catalina.startup.VersionLoggerListener.log Command line argument: -Djava.util.logging.manager=org.apache.juli.ClassLoaderLogManager
18-Jul-2018 21:12:31.491 INFO [main] org.apache.catalina.startup.VersionLoggerListener.log Command line argument: -Djdk.tls.ephemeralDHKeySize=2048
18-Jul-2018 21:12:31.492 INFO [main] org.apache.catalina.startup.VersionLoggerListener.log Command line argument: -Djava.protocol.handler.pkgs=org.apache.catalina.webresources
18-Jul-2018 21:12:31.493 INFO [main] org.apache.catalina.startup.VersionLoggerListener.log Command line argument: -Dorg.apache.catalina.security.SecurityListener.UMASK=0027
18-Jul-2018 21:12:31.493 INFO [main] org.apache.catalina.startup.VersionLoggerListener.log Command line argument: -Dignore.endorsed.dirs=
18-Jul-2018 21:12:31.494 INFO [main] org.apache.catalina.startup.VersionLoggerListener.log Command line argument: -Dcatalina.base=/home/declan/Documents/School/12th Grade/APCS/Summer Work/04_BankAccount/Banclan/apache-tomcat-9.0.10
18-Jul-2018 21:12:31.511 INFO [main] org.apache.catalina.startup.VersionLoggerListener.log Command line argument: -Dcatalina.home=/home/declan/Documents/School/12th Grade/APCS/Summer Work/04_BankAccount/Banclan/apache-tomcat-9.0.10
18-Jul-2018 21:12:31.512 INFO [main] org.apache.catalina.startup.VersionLoggerListener.log Command line argument: -Djava.io.tmpdir=/home/declan/Documents/School/12th Grade/APCS/Summer Work/04_BankAccount/Banclan/apache-tomcat-9.0.10/temp
18-Jul-2018 21:12:31.513 INFO [main] org.apache.catalina.core.AprLifecycleListener.lifecycleEvent The APR based Apache Tomcat Native library which allows optimal performance in production environments was not found on the java.library.path: [/usr/java/packages/lib:/usr/lib/x86_64-linux-gnu/jni:/lib/x86_64-linux-gnu:/usr/lib/x86_64-linux-gnu:/usr/lib/jni:/lib:/usr/lib]
18-Jul-2018 21:12:31.812 INFO [main] org.apache.coyote.AbstractProtocol.init Initializing ProtocolHandler ["http-nio-8080"]
18-Jul-2018 21:12:31.987 INFO [main] org.apache.tomcat.util.net.NioSelectorPool.getSharedSelector Using a shared selector for servlet write/read
18-Jul-2018 21:12:32.048 INFO [main] org.apache.coyote.AbstractProtocol.init Initializing ProtocolHandler ["ajp-nio-8009"]
18-Jul-2018 21:12:32.065 INFO [main] org.apache.tomcat.util.net.NioSelectorPool.getSharedSelector Using a shared selector for servlet write/read
18-Jul-2018 21:12:32.074 INFO [main] org.apache.catalina.startup.Catalina.load Initialization processed in 5142 ms
18-Jul-2018 21:12:32.561 INFO [main] org.apache.catalina.core.StandardService.startInternal Starting service [Catalina]
18-Jul-2018 21:12:32.563 INFO [main] org.apache.catalina.core.StandardEngine.startInternal Starting Servlet Engine: Apache Tomcat/9.0.10
18-Jul-2018 21:12:32.635 INFO [main] org.apache.catalina.startup.HostConfig.deployDirectory Deploying web application directory [/home/declan/Documents/School/12th Grade/APCS/Summer Work/04_BankAccount/Banclan/apache-tomcat-9.0.10/webapps/host-manager]
18-Jul-2018 21:12:36.378 WARNING [main] org.apache.catalina.util.SessionIdGeneratorBase.createSecureRandom Creation of SecureRandom instance for session ID generation using [SHA1PRNG] took [449] milliseconds.
18-Jul-2018 21:12:36.661 INFO [main] org.apache.catalina.startup.HostConfig.deployDirectory Deployment of web application directory [/home/declan/Documents/School/12th Grade/APCS/Summer Work/04_BankAccount/Banclan/apache-tomcat-9.0.10/webapps/host-manager] has finished in [4,025] ms
18-Jul-2018 21:12:36.664 INFO [main] org.apache.catalina.startup.HostConfig.deployDirectory Deploying web application directory [/home/declan/Documents/School/12th Grade/APCS/Summer Work/04_BankAccount/Banclan/apache-tomcat-9.0.10/webapps/ROOT]
18-Jul-2018 21:12:37.278 INFO [main] org.apache.catalina.startup.HostConfig.deployDirectory Deployment of web application directory [/home/declan/Documents/School/12th Grade/APCS/Summer Work/04_BankAccount/Banclan/apache-tomcat-9.0.10/webapps/ROOT] has finished in [614] ms
18-Jul-2018 21:12:37.294 INFO [main] org.apache.catalina.startup.HostConfig.deployDirectory Deploying web application directory [/home/declan/Documents/School/12th Grade/APCS/Summer Work/04_BankAccount/Banclan/apache-tomcat-9.0.10/webapps/docs]
18-Jul-2018 21:12:37.676 INFO [main] org.apache.catalina.startup.HostConfig.deployDirectory Deployment of web application directory [/home/declan/Documents/School/12th Grade/APCS/Summer Work/04_BankAccount/Banclan/apache-tomcat-9.0.10/webapps/docs] has finished in [380] ms
18-Jul-2018 21:12:37.678 INFO [main] org.apache.catalina.startup.HostConfig.deployDirectory Deploying web application directory [/home/declan/Documents/School/12th Grade/APCS/Summer Work/04_BankAccount/Banclan/apache-tomcat-9.0.10/webapps/manager]
18-Jul-2018 21:12:38.089 INFO [main] org.apache.catalina.startup.HostConfig.deployDirectory Deployment of web application directory [/home/declan/Documents/School/12th Grade/APCS/Summer Work/04_BankAccount/Banclan/apache-tomcat-9.0.10/webapps/manager] has finished in [411] ms
18-Jul-2018 21:12:38.100 INFO [main] org.apache.catalina.startup.HostConfig.deployDirectory Deploying web application directory [/home/declan/Documents/School/12th Grade/APCS/Summer Work/04_BankAccount/Banclan/apache-tomcat-9.0.10/webapps/examples]
18-Jul-2018 21:12:41.441 INFO [main] org.apache.catalina.startup.HostConfig.deployDirectory Deployment of web application directory [/home/declan/Documents/School/12th Grade/APCS/Summer Work/04_BankAccount/Banclan/apache-tomcat-9.0.10/webapps/examples] has finished in [3,342] ms
18-Jul-2018 21:12:41.476 INFO [main] org.apache.coyote.AbstractProtocol.start Starting ProtocolHandler ["http-nio-8080"]
18-Jul-2018 21:12:41.634 INFO [main] org.apache.coyote.AbstractProtocol.start Starting ProtocolHandler ["ajp-nio-8009"]
18-Jul-2018 21:12:41.676 INFO [main] org.apache.catalina.startup.Catalina.start Server startup in 9601 ms
18-Jul-2018 21:20:52.331 INFO [main] org.apache.catalina.core.StandardServer.await A valid shutdown command was received via the shutdown port. Stopping the Server instance.
18-Jul-2018 21:20:52.376 INFO [main] org.apache.coyote.AbstractProtocol.pause Pausing ProtocolHandler ["http-nio-8080"]
18-Jul-2018 21:20:52.418 INFO [main] org.apache.coyote.AbstractProtocol.pause Pausing ProtocolHandler ["ajp-nio-8009"]
18-Jul-2018 21:20:52.471 INFO [main] org.apache.catalina.core.StandardService.stopInternal Stopping service [Catalina]
18-Jul-2018 21:20:53.049 INFO [main] org.apache.coyote.AbstractProtocol.stop Stopping ProtocolHandler ["http-nio-8080"]
18-Jul-2018 21:20:53.072 INFO [main] org.apache.coyote.AbstractProtocol.stop Stopping ProtocolHandler ["ajp-nio-8009"]
18-Jul-2018 21:20:53.094 INFO [main] org.apache.coyote.AbstractProtocol.destroy Destroying ProtocolHandler ["http-nio-8080"]
18-Jul-2018 21:20:53.108 INFO [main] org.apache.coyote.AbstractProtocol.destroy Destroying ProtocolHandler ["ajp-nio-8009"]
NOTE: Picked up JDK_JAVA_OPTIONS:  --add-opens=java.base/java.lang=ALL-UNNAMED --add-opens=java.base/java.io=ALL-UNNAMED --add-opens=java.rmi/sun.rmi.transport=ALL-UNNAMED
18-Jul-2018 21:50:53.298 INFO [main] org.apache.catalina.startup.VersionLoggerListener.log Server version:        Apache Tomcat/9.0.10
18-Jul-2018 21:50:53.360 INFO [main] org.apache.catalina.startup.VersionLoggerListener.log Server built:          Jun 20 2018 17:32:21 UTC
18-Jul-2018 21:50:53.361 INFO [main] org.apache.catalina.startup.VersionLoggerListener.log Server number:         9.0.10.0
18-Jul-2018 21:50:53.362 INFO [main] org.apache.catalina.startup.VersionLoggerListener.log OS Name:               Linux
18-Jul-2018 21:50:53.368 INFO [main] org.apache.catalina.startup.VersionLoggerListener.log OS Version:            4.15.0-23-generic
18-Jul-2018 21:50:53.369 INFO [main] org.apache.catalina.startup.VersionLoggerListener.log Architecture:          amd64
18-Jul-2018 21:50:53.370 INFO [main] org.apache.catalina.startup.VersionLoggerListener.log Java Home:             /usr/lib/jvm/java-11-openjdk-amd64
18-Jul-2018 21:50:53.371 INFO [main] org.apache.catalina.startup.VersionLoggerListener.log JVM Version:           10.0.1+10-Ubuntu-3ubuntu1
18-Jul-2018 21:50:53.372 INFO [main] org.apache.catalina.startup.VersionLoggerListener.log JVM Vendor:            Oracle Corporation
18-Jul-2018 21:50:53.384 INFO [main] org.apache.catalina.startup.VersionLoggerListener.log CATALINA_BASE:         /home/declan/Documents/School/12th Grade/APCS/Summer Work/04_BankAccount/Banclan/apache-tomcat-9.0.10
18-Jul-2018 21:50:53.385 INFO [main] org.apache.catalina.startup.VersionLoggerListener.log CATALINA_HOME:         /home/declan/Documents/School/12th Grade/APCS/Summer Work/04_BankAccount/Banclan/apache-tomcat-9.0.10
18-Jul-2018 21:50:53.434 INFO [main] org.apache.catalina.startup.VersionLoggerListener.log Command line argument: --add-opens=java.base/java.lang=ALL-UNNAMED
18-Jul-2018 21:50:53.443 INFO [main] org.apache.catalina.startup.VersionLoggerListener.log Command line argument: --add-opens=java.base/java.io=ALL-UNNAMED
18-Jul-2018 21:50:53.444 INFO [main] org.apache.catalina.startup.VersionLoggerListener.log Command line argument: --add-opens=java.rmi/sun.rmi.transport=ALL-UNNAMED
18-Jul-2018 21:50:53.445 INFO [main] org.apache.catalina.startup.VersionLoggerListener.log Command line argument: -Djava.util.logging.config.file=/home/declan/Documents/School/12th Grade/APCS/Summer Work/04_BankAccount/Banclan/apache-tomcat-9.0.10/conf/logging.properties
18-Jul-2018 21:50:53.446 INFO [main] org.apache.catalina.startup.VersionLoggerListener.log Command line argument: -Djava.util.logging.manager=org.apache.juli.ClassLoaderLogManager
18-Jul-2018 21:50:53.463 INFO [main] org.apache.catalina.startup.VersionLoggerListener.log Command line argument: -Djdk.tls.ephemeralDHKeySize=2048
18-Jul-2018 21:50:53.464 INFO [main] org.apache.catalina.startup.VersionLoggerListener.log Command line argument: -Djava.protocol.handler.pkgs=org.apache.catalina.webresources
18-Jul-2018 21:50:53.464 INFO [main] org.apache.catalina.startup.VersionLoggerListener.log Command line argument: -Dorg.apache.catalina.security.SecurityListener.UMASK=0027
18-Jul-2018 21:50:53.465 INFO [main] org.apache.catalina.startup.VersionLoggerListener.log Command line argument: -Dignore.endorsed.dirs=
18-Jul-2018 21:50:53.466 INFO [main] org.apache.catalina.startup.VersionLoggerListener.log Command line argument: -Dcatalina.base=/home/declan/Documents/School/12th Grade/APCS/Summer Work/04_BankAccount/Banclan/apache-tomcat-9.0.10
18-Jul-2018 21:50:53.480 INFO [main] org.apache.catalina.startup.VersionLoggerListener.log Command line argument: -Dcatalina.home=/home/declan/Documents/School/12th Grade/APCS/Summer Work/04_BankAccount/Banclan/apache-tomcat-9.0.10
18-Jul-2018 21:50:53.481 INFO [main] org.apache.catalina.startup.VersionLoggerListener.log Command line argument: -Djava.io.tmpdir=/home/declan/Documents/School/12th Grade/APCS/Summer Work/04_BankAccount/Banclan/apache-tomcat-9.0.10/temp
18-Jul-2018 21:50:53.482 INFO [main] org.apache.catalina.core.AprLifecycleListener.lifecycleEvent The APR based Apache Tomcat Native library which allows optimal performance in production environments was not found on the java.library.path: [/usr/java/packages/lib:/usr/lib/x86_64-linux-gnu/jni:/lib/x86_64-linux-gnu:/usr/lib/x86_64-linux-gnu:/usr/lib/jni:/lib:/usr/lib]
18-Jul-2018 21:50:54.087 INFO [main] org.apache.coyote.AbstractProtocol.init Initializing ProtocolHandler ["http-nio-8080"]
18-Jul-2018 21:50:54.338 INFO [main] org.apache.tomcat.util.net.NioSelectorPool.getSharedSelector Using a shared selector for servlet write/read
18-Jul-2018 21:50:54.420 INFO [main] org.apache.coyote.AbstractProtocol.init Initializing ProtocolHandler ["ajp-nio-8009"]
18-Jul-2018 21:50:54.438 INFO [main] org.apache.tomcat.util.net.NioSelectorPool.getSharedSelector Using a shared selector for servlet write/read
18-Jul-2018 21:50:54.446 INFO [main] org.apache.catalina.startup.Catalina.load Initialization processed in 8260 ms
18-Jul-2018 21:50:54.988 INFO [main] org.apache.catalina.core.StandardService.startInternal Starting service [Catalina]
18-Jul-2018 21:50:54.989 INFO [main] org.apache.catalina.core.StandardEngine.startInternal Starting Servlet Engine: Apache Tomcat/9.0.10
18-Jul-2018 21:50:55.132 INFO [main] org.apache.catalina.startup.HostConfig.deployDirectory Deploying web application directory [/home/declan/Documents/School/12th Grade/APCS/Summer Work/04_BankAccount/Banclan/apache-tomcat-9.0.10/webapps/host-manager]
18-Jul-2018 21:50:59.306 WARNING [main] org.apache.catalina.util.SessionIdGeneratorBase.createSecureRandom Creation of SecureRandom instance for session ID generation using [SHA1PRNG] took [318] milliseconds.
18-Jul-2018 21:50:59.541 INFO [main] org.apache.catalina.startup.HostConfig.deployDirectory Deployment of web application directory [/home/declan/Documents/School/12th Grade/APCS/Summer Work/04_BankAccount/Banclan/apache-tomcat-9.0.10/webapps/host-manager] has finished in [4,408] ms
18-Jul-2018 21:50:59.546 INFO [main] org.apache.catalina.startup.HostConfig.deployDirectory Deploying web application directory [/home/declan/Documents/School/12th Grade/APCS/Summer Work/04_BankAccount/Banclan/apache-tomcat-9.0.10/webapps/ROOT]
18-Jul-2018 21:51:00.199 INFO [main] org.apache.catalina.startup.HostConfig.deployDirectory Deployment of web application directory [/home/declan/Documents/School/12th Grade/APCS/Summer Work/04_BankAccount/Banclan/apache-tomcat-9.0.10/webapps/ROOT] has finished in [652] ms
18-Jul-2018 21:51:00.201 INFO [main] org.apache.catalina.startup.HostConfig.deployDirectory Deploying web application directory [/home/declan/Documents/School/12th Grade/APCS/Summer Work/04_BankAccount/Banclan/apache-tomcat-9.0.10/webapps/docs]
18-Jul-2018 21:51:00.433 INFO [main] org.apache.catalina.startup.HostConfig.deployDirectory Deployment of web application directory [/home/declan/Documents/School/12th Grade/APCS/Summer Work/04_BankAccount/Banclan/apache-tomcat-9.0.10/webapps/docs] has finished in [232] ms
18-Jul-2018 21:51:00.436 INFO [main] org.apache.catalina.startup.HostConfig.deployDirectory Deploying web application directory [/home/declan/Documents/School/12th Grade/APCS/Summer Work/04_BankAccount/Banclan/apache-tomcat-9.0.10/webapps/manager]
18-Jul-2018 21:51:00.782 INFO [main] org.apache.catalina.startup.HostConfig.deployDirectory Deployment of web application directory [/home/declan/Documents/School/12th Grade/APCS/Summer Work/04_BankAccount/Banclan/apache-tomcat-9.0.10/webapps/manager] has finished in [346] ms
18-Jul-2018 21:51:00.784 INFO [main] org.apache.catalina.startup.HostConfig.deployDirectory Deploying web application directory [/home/declan/Documents/School/12th Grade/APCS/Summer Work/04_BankAccount/Banclan/apache-tomcat-9.0.10/webapps/examples]
18-Jul-2018 21:51:04.280 INFO [main] org.apache.catalina.startup.HostConfig.deployDirectory Deployment of web application directory [/home/declan/Documents/School/12th Grade/APCS/Summer Work/04_BankAccount/Banclan/apache-tomcat-9.0.10/webapps/examples] has finished in [3,497] ms
18-Jul-2018 21:51:04.313 INFO [main] org.apache.coyote.AbstractProtocol.start Starting ProtocolHandler ["http-nio-8080"]
18-Jul-2018 21:51:04.400 INFO [main] org.apache.coyote.AbstractProtocol.start Starting ProtocolHandler ["ajp-nio-8009"]
18-Jul-2018 21:51:04.455 INFO [main] org.apache.catalina.startup.Catalina.start Server startup in 10008 ms
18-Jul-2018 22:05:03.711 INFO [main] org.apache.catalina.core.StandardServer.await A valid shutdown command was received via the shutdown port. Stopping the Server instance.
18-Jul-2018 22:05:03.717 INFO [main] org.apache.coyote.AbstractProtocol.pause Pausing ProtocolHandler ["http-nio-8080"]
18-Jul-2018 22:05:03.731 INFO [main] org.apache.coyote.AbstractProtocol.pause Pausing ProtocolHandler ["ajp-nio-8009"]
18-Jul-2018 22:05:03.734 INFO [main] org.apache.catalina.core.StandardService.stopInternal Stopping service [Catalina]
18-Jul-2018 22:05:04.020 INFO [main] org.apache.coyote.AbstractProtocol.stop Stopping ProtocolHandler ["http-nio-8080"]
18-Jul-2018 22:05:04.038 INFO [main] org.apache.coyote.AbstractProtocol.stop Stopping ProtocolHandler ["ajp-nio-8009"]
18-Jul-2018 22:05:04.053 INFO [main] org.apache.coyote.AbstractProtocol.destroy Destroying ProtocolHandler ["http-nio-8080"]
18-Jul-2018 22:05:04.063 INFO [main] org.apache.coyote.AbstractProtocol.destroy Destroying ProtocolHandler ["ajp-nio-8009"]
NOTE: Picked up JDK_JAVA_OPTIONS:  --add-opens=java.base/java.lang=ALL-UNNAMED --add-opens=java.base/java.io=ALL-UNNAMED --add-opens=java.rmi/sun.rmi.transport=ALL-UNNAMED
18-Jul-2018 22:05:24.851 INFO [main] org.apache.catalina.startup.VersionLoggerListener.log Server version:        Apache Tomcat/9.0.10
18-Jul-2018 22:05:24.929 INFO [main] org.apache.catalina.startup.VersionLoggerListener.log Server built:          Jun 20 2018 17:32:21 UTC
18-Jul-2018 22:05:24.936 INFO [main] org.apache.catalina.startup.VersionLoggerListener.log Server number:         9.0.10.0
18-Jul-2018 22:05:24.937 INFO [main] org.apache.catalina.startup.VersionLoggerListener.log OS Name:               Linux
18-Jul-2018 22:05:24.937 INFO [main] org.apache.catalina.startup.VersionLoggerListener.log OS Version:            4.15.0-23-generic
18-Jul-2018 22:05:24.938 INFO [main] org.apache.catalina.startup.VersionLoggerListener.log Architecture:          amd64
18-Jul-2018 22:05:24.951 INFO [main] org.apache.catalina.startup.VersionLoggerListener.log Java Home:             /usr/lib/jvm/java-11-openjdk-amd64
18-Jul-2018 22:05:24.952 INFO [main] org.apache.catalina.startup.VersionLoggerListener.log JVM Version:           10.0.1+10-Ubuntu-3ubuntu1
18-Jul-2018 22:05:24.953 INFO [main] org.apache.catalina.startup.VersionLoggerListener.log JVM Vendor:            Oracle Corporation
18-Jul-2018 22:05:24.954 INFO [main] org.apache.catalina.startup.VersionLoggerListener.log CATALINA_BASE:         /home/declan/Documents/School/12th Grade/APCS/Summer Work/04_BankAccount/Banclan/apache-tomcat-9.0.10
18-Jul-2018 22:05:24.979 INFO [main] org.apache.catalina.startup.VersionLoggerListener.log CATALINA_HOME:         /home/declan/Documents/School/12th Grade/APCS/Summer Work/04_BankAccount/Banclan/apache-tomcat-9.0.10
18-Jul-2018 22:05:24.989 INFO [main] org.apache.catalina.startup.VersionLoggerListener.log Command line argument: --add-opens=java.base/java.lang=ALL-UNNAMED
18-Jul-2018 22:05:24.994 INFO [main] org.apache.catalina.startup.VersionLoggerListener.log Command line argument: --add-opens=java.base/java.io=ALL-UNNAMED
18-Jul-2018 22:05:24.996 INFO [main] org.apache.catalina.startup.VersionLoggerListener.log Command line argument: --add-opens=java.rmi/sun.rmi.transport=ALL-UNNAMED
18-Jul-2018 22:05:25.004 INFO [main] org.apache.catalina.startup.VersionLoggerListener.log Command line argument: -Djava.util.logging.config.file=/home/declan/Documents/School/12th Grade/APCS/Summer Work/04_BankAccount/Banclan/apache-tomcat-9.0.10/conf/logging.properties
18-Jul-2018 22:05:25.005 INFO [main] org.apache.catalina.startup.VersionLoggerListener.log Command line argument: -Djava.util.logging.manager=org.apache.juli.ClassLoaderLogManager
18-Jul-2018 22:05:25.011 INFO [main] org.apache.catalina.startup.VersionLoggerListener.log Command line argument: -Djdk.tls.ephemeralDHKeySize=2048
18-Jul-2018 22:05:25.019 INFO [main] org.apache.catalina.startup.VersionLoggerListener.log Command line argument: -Djava.protocol.handler.pkgs=org.apache.catalina.webresources
18-Jul-2018 22:05:25.020 INFO [main] org.apache.catalina.startup.VersionLoggerListener.log Command line argument: -Dorg.apache.catalina.security.SecurityListener.UMASK=0027
18-Jul-2018 22:05:25.024 INFO [main] org.apache.catalina.startup.VersionLoggerListener.log Command line argument: -Dignore.endorsed.dirs=
18-Jul-2018 22:05:25.025 INFO [main] org.apache.catalina.startup.VersionLoggerListener.log Command line argument: -Dcatalina.base=/home/declan/Documents/School/12th Grade/APCS/Summer Work/04_BankAccount/Banclan/apache-tomcat-9.0.10
18-Jul-2018 22:05:25.031 INFO [main] org.apache.catalina.startup.VersionLoggerListener.log Command line argument: -Dcatalina.home=/home/declan/Documents/School/12th Grade/APCS/Summer Work/04_BankAccount/Banclan/apache-tomcat-9.0.10
18-Jul-2018 22:05:25.032 INFO [main] org.apache.catalina.startup.VersionLoggerListener.log Command line argument: -Djava.io.tmpdir=/home/declan/Documents/School/12th Grade/APCS/Summer Work/04_BankAccount/Banclan/apache-tomcat-9.0.10/temp
18-Jul-2018 22:05:25.033 INFO [main] org.apache.catalina.core.AprLifecycleListener.lifecycleEvent The APR based Apache Tomcat Native library which allows optimal performance in production environments was not found on the java.library.path: [/usr/java/packages/lib:/usr/lib/x86_64-linux-gnu/jni:/lib/x86_64-linux-gnu:/usr/lib/x86_64-linux-gnu:/usr/lib/jni:/lib:/usr/lib]
18-Jul-2018 22:05:25.568 INFO [main] org.apache.coyote.AbstractProtocol.init Initializing ProtocolHandler ["http-nio-8080"]
18-Jul-2018 22:05:25.748 INFO [main] org.apache.tomcat.util.net.NioSelectorPool.getSharedSelector Using a shared selector for servlet write/read
18-Jul-2018 22:05:25.851 INFO [main] org.apache.coyote.AbstractProtocol.init Initializing ProtocolHandler ["ajp-nio-8009"]
18-Jul-2018 22:05:25.869 INFO [main] org.apache.tomcat.util.net.NioSelectorPool.getSharedSelector Using a shared selector for servlet write/read
18-Jul-2018 22:05:25.880 INFO [main] org.apache.catalina.startup.Catalina.load Initialization processed in 7637 ms
18-Jul-2018 22:05:26.739 INFO [main] org.apache.catalina.core.StandardService.startInternal Starting service [Catalina]
18-Jul-2018 22:05:26.740 INFO [main] org.apache.catalina.core.StandardEngine.startInternal Starting Servlet Engine: Apache Tomcat/9.0.10
18-Jul-2018 22:05:26.844 INFO [main] org.apache.catalina.startup.HostConfig.deployDirectory Deploying web application directory [/home/declan/Documents/School/12th Grade/APCS/Summer Work/04_BankAccount/Banclan/apache-tomcat-9.0.10/webapps/host-manager]
18-Jul-2018 22:05:30.697 WARNING [main] org.apache.catalina.util.SessionIdGeneratorBase.createSecureRandom Creation of SecureRandom instance for session ID generation using [SHA1PRNG] took [111] milliseconds.
18-Jul-2018 22:05:30.868 INFO [main] org.apache.catalina.startup.HostConfig.deployDirectory Deployment of web application directory [/home/declan/Documents/School/12th Grade/APCS/Summer Work/04_BankAccount/Banclan/apache-tomcat-9.0.10/webapps/host-manager] has finished in [4,025] ms
18-Jul-2018 22:05:30.874 INFO [main] org.apache.catalina.startup.HostConfig.deployDirectory Deploying web application directory [/home/declan/Documents/School/12th Grade/APCS/Summer Work/04_BankAccount/Banclan/apache-tomcat-9.0.10/webapps/ROOT]
18-Jul-2018 22:05:31.499 INFO [main] org.apache.catalina.startup.HostConfig.deployDirectory Deployment of web application directory [/home/declan/Documents/School/12th Grade/APCS/Summer Work/04_BankAccount/Banclan/apache-tomcat-9.0.10/webapps/ROOT] has finished in [626] ms
18-Jul-2018 22:05:31.505 INFO [main] org.apache.catalina.startup.HostConfig.deployDirectory Deploying web application directory [/home/declan/Documents/School/12th Grade/APCS/Summer Work/04_BankAccount/Banclan/apache-tomcat-9.0.10/webapps/docs]
18-Jul-2018 22:05:31.718 INFO [main] org.apache.catalina.startup.HostConfig.deployDirectory Deployment of web application directory [/home/declan/Documents/School/12th Grade/APCS/Summer Work/04_BankAccount/Banclan/apache-tomcat-9.0.10/webapps/docs] has finished in [214] ms
18-Jul-2018 22:05:31.722 INFO [main] org.apache.catalina.startup.HostConfig.deployDirectory Deploying web application directory [/home/declan/Documents/School/12th Grade/APCS/Summer Work/04_BankAccount/Banclan/apache-tomcat-9.0.10/webapps/manager]
18-Jul-2018 22:05:31.940 INFO [main] org.apache.catalina.startup.HostConfig.deployDirectory Deployment of web application directory [/home/declan/Documents/School/12th Grade/APCS/Summer Work/04_BankAccount/Banclan/apache-tomcat-9.0.10/webapps/manager] has finished in [214] ms
18-Jul-2018 22:05:31.942 INFO [main] org.apache.catalina.startup.HostConfig.deployDirectory Deploying web application directory [/home/declan/Documents/School/12th Grade/APCS/Summer Work/04_BankAccount/Banclan/apache-tomcat-9.0.10/webapps/examples]
18-Jul-2018 22:05:34.427 INFO [main] org.apache.catalina.startup.HostConfig.deployDirectory Deployment of web application directory [/home/declan/Documents/School/12th Grade/APCS/Summer Work/04_BankAccount/Banclan/apache-tomcat-9.0.10/webapps/examples] has finished in [2,485] ms
18-Jul-2018 22:05:34.445 INFO [main] org.apache.coyote.AbstractProtocol.start Starting ProtocolHandler ["http-nio-8080"]
18-Jul-2018 22:05:34.512 INFO [main] org.apache.coyote.AbstractProtocol.start Starting ProtocolHandler ["ajp-nio-8009"]
18-Jul-2018 22:05:34.545 INFO [main] org.apache.catalina.startup.Catalina.start Server startup in 8662 ms
18-Jul-2018 22:27:15.635 INFO [ContainerBackgroundProcessor[StandardEngine[Catalina]]] org.apache.catalina.startup.HostConfig.undeploy Undeploying context [/examples]
18-Jul-2018 22:28:46.459 INFO [ContainerBackgroundProcessor[StandardEngine[Catalina]]] org.apache.catalina.startup.HostConfig.undeploy Undeploying context [/docs]
18-Jul-2018 23:25:08.194 INFO [main] org.apache.catalina.core.StandardServer.await A valid shutdown command was received via the shutdown port. Stopping the Server instance.
18-Jul-2018 23:25:08.204 INFO [main] org.apache.coyote.AbstractProtocol.pause Pausing ProtocolHandler ["http-nio-8080"]
18-Jul-2018 23:25:08.215 INFO [main] org.apache.coyote.AbstractProtocol.pause Pausing ProtocolHandler ["ajp-nio-8009"]
18-Jul-2018 23:25:08.220 INFO [main] org.apache.catalina.core.StandardService.stopInternal Stopping service [Catalina]
18-Jul-2018 23:25:08.393 INFO [main] org.apache.coyote.AbstractProtocol.stop Stopping ProtocolHandler ["http-nio-8080"]
18-Jul-2018 23:25:08.409 INFO [main] org.apache.coyote.AbstractProtocol.stop Stopping ProtocolHandler ["ajp-nio-8009"]
18-Jul-2018 23:25:08.440 INFO [main] org.apache.coyote.AbstractProtocol.destroy Destroying ProtocolHandler ["http-nio-8080"]
18-Jul-2018 23:25:08.455 INFO [main] org.apache.coyote.AbstractProtocol.destroy Destroying ProtocolHandler ["ajp-nio-8009"]
NOTE: Picked up JDK_JAVA_OPTIONS:  --add-opens=java.base/java.lang=ALL-UNNAMED --add-opens=java.base/java.io=ALL-UNNAMED --add-opens=java.rmi/sun.rmi.transport=ALL-UNNAMED
18-Jul-2018 23:25:26.970 INFO [main] org.apache.catalina.startup.VersionLoggerListener.log Server version:        Apache Tomcat/9.0.10
18-Jul-2018 23:25:27.033 INFO [main] org.apache.catalina.startup.VersionLoggerListener.log Server built:          Jun 20 2018 17:32:21 UTC
18-Jul-2018 23:25:27.034 INFO [main] org.apache.catalina.startup.VersionLoggerListener.log Server number:         9.0.10.0
18-Jul-2018 23:25:27.035 INFO [main] org.apache.catalina.startup.VersionLoggerListener.log OS Name:               Linux
18-Jul-2018 23:25:27.035 INFO [main] org.apache.catalina.startup.VersionLoggerListener.log OS Version:            4.15.0-23-generic
18-Jul-2018 23:25:27.036 INFO [main] org.apache.catalina.startup.VersionLoggerListener.log Architecture:          amd64
18-Jul-2018 23:25:27.037 INFO [main] org.apache.catalina.startup.VersionLoggerListener.log Java Home:             /usr/lib/jvm/java-11-openjdk-amd64
18-Jul-2018 23:25:27.038 INFO [main] org.apache.catalina.startup.VersionLoggerListener.log JVM Version:           10.0.1+10-Ubuntu-3ubuntu1
18-Jul-2018 23:25:27.053 INFO [main] org.apache.catalina.startup.VersionLoggerListener.log JVM Vendor:            Oracle Corporation
18-Jul-2018 23:25:27.054 INFO [main] org.apache.catalina.startup.VersionLoggerListener.log CATALINA_BASE:         /home/declan/Documents/School/12th Grade/APCS/Summer Work/04_BankAccount/Banclan/apache-tomcat-9.0.10
18-Jul-2018 23:25:27.055 INFO [main] org.apache.catalina.startup.VersionLoggerListener.log CATALINA_HOME:         /home/declan/Documents/School/12th Grade/APCS/Summer Work/04_BankAccount/Banclan/apache-tomcat-9.0.10
18-Jul-2018 23:25:27.092 INFO [main] org.apache.catalina.startup.VersionLoggerListener.log Command line argument: --add-opens=java.base/java.lang=ALL-UNNAMED
18-Jul-2018 23:25:27.093 INFO [main] org.apache.catalina.startup.VersionLoggerListener.log Command line argument: --add-opens=java.base/java.io=ALL-UNNAMED
18-Jul-2018 23:25:27.100 INFO [main] org.apache.catalina.startup.VersionLoggerListener.log Command line argument: --add-opens=java.rmi/sun.rmi.transport=ALL-UNNAMED
18-Jul-2018 23:25:27.102 INFO [main] org.apache.catalina.startup.VersionLoggerListener.log Command line argument: -Djava.util.logging.config.file=/home/declan/Documents/School/12th Grade/APCS/Summer Work/04_BankAccount/Banclan/apache-tomcat-9.0.10/conf/logging.properties
18-Jul-2018 23:25:27.116 INFO [main] org.apache.catalina.startup.VersionLoggerListener.log Command line argument: -Djava.util.logging.manager=org.apache.juli.ClassLoaderLogManager
18-Jul-2018 23:25:27.117 INFO [main] org.apache.catalina.startup.VersionLoggerListener.log Command line argument: -Djdk.tls.ephemeralDHKeySize=2048
18-Jul-2018 23:25:27.118 INFO [main] org.apache.catalina.startup.VersionLoggerListener.log Command line argument: -Djava.protocol.handler.pkgs=org.apache.catalina.webresources
18-Jul-2018 23:25:27.118 INFO [main] org.apache.catalina.startup.VersionLoggerListener.log Command line argument: -Dorg.apache.catalina.security.SecurityListener.UMASK=0027
18-Jul-2018 23:25:27.120 INFO [main] org.apache.catalina.startup.VersionLoggerListener.log Command line argument: -Dignore.endorsed.dirs=
18-Jul-2018 23:25:27.127 INFO [main] org.apache.catalina.startup.VersionLoggerListener.log Command line argument: -Dcatalina.base=/home/declan/Documents/School/12th Grade/APCS/Summer Work/04_BankAccount/Banclan/apache-tomcat-9.0.10
18-Jul-2018 23:25:27.128 INFO [main] org.apache.catalina.startup.VersionLoggerListener.log Command line argument: -Dcatalina.home=/home/declan/Documents/School/12th Grade/APCS/Summer Work/04_BankAccount/Banclan/apache-tomcat-9.0.10
18-Jul-2018 23:25:27.128 INFO [main] org.apache.catalina.startup.VersionLoggerListener.log Command line argument: -Djava.io.tmpdir=/home/declan/Documents/School/12th Grade/APCS/Summer Work/04_BankAccount/Banclan/apache-tomcat-9.0.10/temp
18-Jul-2018 23:25:27.133 INFO [main] org.apache.catalina.core.AprLifecycleListener.lifecycleEvent The APR based Apache Tomcat Native library which allows optimal performance in production environments was not found on the java.library.path: [/usr/java/packages/lib:/usr/lib/x86_64-linux-gnu/jni:/lib/x86_64-linux-gnu:/usr/lib/x86_64-linux-gnu:/usr/lib/jni:/lib:/usr/lib]
18-Jul-2018 23:25:27.593 INFO [main] org.apache.coyote.AbstractProtocol.init Initializing ProtocolHandler ["http-nio-8080"]
18-Jul-2018 23:25:27.776 INFO [main] org.apache.tomcat.util.net.NioSelectorPool.getSharedSelector Using a shared selector for servlet write/read
18-Jul-2018 23:25:27.943 INFO [main] org.apache.coyote.AbstractProtocol.init Initializing ProtocolHandler ["ajp-nio-8009"]
18-Jul-2018 23:25:27.963 INFO [main] org.apache.tomcat.util.net.NioSelectorPool.getSharedSelector Using a shared selector for servlet write/read
18-Jul-2018 23:25:27.980 INFO [main] org.apache.catalina.startup.Catalina.load Initialization processed in 8440 ms
18-Jul-2018 23:25:28.838 INFO [main] org.apache.catalina.core.StandardService.startInternal Starting service [Catalina]
18-Jul-2018 23:25:28.848 INFO [main] org.apache.catalina.core.StandardEngine.startInternal Starting Servlet Engine: Apache Tomcat/9.0.10
18-Jul-2018 23:25:28.987 INFO [main] org.apache.catalina.startup.HostConfig.deployDirectory Deploying web application directory [/home/declan/Documents/School/12th Grade/APCS/Summer Work/04_BankAccount/Banclan/apache-tomcat-9.0.10/webapps/host-manager]
18-Jul-2018 23:25:33.644 WARNING [main] org.apache.catalina.util.SessionIdGeneratorBase.createSecureRandom Creation of SecureRandom instance for session ID generation using [SHA1PRNG] took [411] milliseconds.
18-Jul-2018 23:25:33.920 INFO [main] org.apache.catalina.startup.HostConfig.deployDirectory Deployment of web application directory [/home/declan/Documents/School/12th Grade/APCS/Summer Work/04_BankAccount/Banclan/apache-tomcat-9.0.10/webapps/host-manager] has finished in [4,932] ms
18-Jul-2018 23:25:33.929 INFO [main] org.apache.catalina.startup.HostConfig.deployDirectory Deploying web application directory [/home/declan/Documents/School/12th Grade/APCS/Summer Work/04_BankAccount/Banclan/apache-tomcat-9.0.10/webapps/ROOT]
18-Jul-2018 23:25:34.528 INFO [main] org.apache.catalina.startup.HostConfig.deployDirectory Deployment of web application directory [/home/declan/Documents/School/12th Grade/APCS/Summer Work/04_BankAccount/Banclan/apache-tomcat-9.0.10/webapps/ROOT] has finished in [606] ms
18-Jul-2018 23:25:34.532 INFO [main] org.apache.catalina.startup.HostConfig.deployDirectory Deploying web application directory [/home/declan/Documents/School/12th Grade/APCS/Summer Work/04_BankAccount/Banclan/apache-tomcat-9.0.10/webapps/manager]
18-Jul-2018 23:25:34.937 INFO [main] org.apache.catalina.startup.HostConfig.deployDirectory Deployment of web application directory [/home/declan/Documents/School/12th Grade/APCS/Summer Work/04_BankAccount/Banclan/apache-tomcat-9.0.10/webapps/manager] has finished in [404] ms
18-Jul-2018 23:25:34.968 INFO [main] org.apache.coyote.AbstractProtocol.start Starting ProtocolHandler ["http-nio-8080"]
18-Jul-2018 23:25:35.086 INFO [main] org.apache.coyote.AbstractProtocol.start Starting ProtocolHandler ["ajp-nio-8009"]
18-Jul-2018 23:25:35.122 INFO [main] org.apache.catalina.startup.Catalina.start Server startup in 7140 ms
